This is pdfTeX, Version 3.14159265-2.6-1.40.19 (MiKTeX 2.9.6630 64-bit) (preloaded format=pdftex 2018.11.10)  12 NOV 2018 13:55
entering extended mode
**"C:/Users/Dylan Galea/IdeaProjects/MathematicsThesis/bibliography.bib"
("C:/Users/Dylan Galea/IdeaProjects/MathematicsThesis/bibliography.bib"
! Missing $ inserted.
<inserted text> 
                $
<to be read again> 
                   _
l.1 @misc{weisstein_
                    2018, title={Hamiltonian Cycle}, url={http://mathworld.w...

? 
! Emergency stop.
<inserted text> 
                $
<to be read again> 
                   _
l.1 @misc{weisstein_
                    2018, title={Hamiltonian Cycle}, url={http://mathworld.w...
End of file on the terminal!

!  ==> Fatal error occurred, no output PDF file produced!
