This is XeTeX, Version 3.14159265-2.6-0.99999 (MiKTeX 2.9.6630 64-bit) (preloaded format=xelatex 2018.11.26)  26 NOV 2018 16:32
entering extended mode
**./write_up_better.tex
(write_up_better.tex
LaTeX2e <2017-04-15>
Babel <3.18> and hyphenation patterns for 75 language(s) loaded.

("C:\Users\Dylan Galea\AppData\Local\Programs\MiKTeX 2.9\tex\latex\base\article
.cls"
Document Class: article 2014/09/29 v1.4h Standard LaTeX document class

("C:\Users\Dylan Galea\AppData\Local\Programs\MiKTeX 2.9\tex\latex\base\size10.
clo"
File: size10.clo 2014/09/29 v1.4h Standard LaTeX file (size option)
)
\c@part=\count79
\c@section=\count80
\c@subsection=\count81
\c@subsubsection=\count82
\c@paragraph=\count83
\c@subparagraph=\count84
\c@figure=\count85
\c@table=\count86
\abovecaptionskip=\skip41
\belowcaptionskip=\skip42
\bibindent=\dimen102
)
("C:\Users\Dylan Galea\AppData\Local\Programs\MiKTeX 2.9\tex\latex\cite\cite.st
y"
LaTeX Info: Redefining \cite on input line 302.
LaTeX Info: Redefining \nocite on input line 332.
Package: cite 2015/02/27  v 5.5
)
("C:\Users\Dylan Galea\AppData\Local\Programs\MiKTeX 2.9\tex\latex\amsmath\amsm
ath.sty"
Package: amsmath 2017/09/02 v2.17a AMS math features
\@mathmargin=\skip43

For additional information on amsmath, use the `?' option.

("C:\Users\Dylan Galea\AppData\Local\Programs\MiKTeX 2.9\tex\latex\amsmath\amst
ext.sty"
Package: amstext 2000/06/29 v2.01 AMS text

("C:\Users\Dylan Galea\AppData\Local\Programs\MiKTeX 2.9\tex\latex\amsmath\amsg
en.sty"
File: amsgen.sty 1999/11/30 v2.0 generic functions
\@emptytoks=\toks14
\ex@=\dimen103
))
("C:\Users\Dylan Galea\AppData\Local\Programs\MiKTeX 2.9\tex\latex\amsmath\amsb
sy.sty"
Package: amsbsy 1999/11/29 v1.2d Bold Symbols
\pmbraise@=\dimen104
)
("C:\Users\Dylan Galea\AppData\Local\Programs\MiKTeX 2.9\tex\latex\amsmath\amso
pn.sty"
Package: amsopn 2016/03/08 v2.02 operator names
)
\inf@bad=\count87
LaTeX Info: Redefining \frac on input line 213.
\uproot@=\count88
\leftroot@=\count89
LaTeX Info: Redefining \overline on input line 375.
\classnum@=\count90
\DOTSCASE@=\count91
LaTeX Info: Redefining \ldots on input line 472.
LaTeX Info: Redefining \dots on input line 475.
LaTeX Info: Redefining \cdots on input line 596.
\Mathstrutbox@=\box26
\strutbox@=\box27
\big@size=\dimen105
LaTeX Font Info:    Redeclaring font encoding OML on input line 712.
LaTeX Font Info:    Redeclaring font encoding OMS on input line 713.
\macc@depth=\count92
\c@MaxMatrixCols=\count93
\dotsspace@=\muskip10
\c@parentequation=\count94
\dspbrk@lvl=\count95
\tag@help=\toks15
\row@=\count96
\column@=\count97
\maxfields@=\count98
\andhelp@=\toks16
\eqnshift@=\dimen106
\alignsep@=\dimen107
\tagshift@=\dimen108
\tagwidth@=\dimen109
\totwidth@=\dimen110
\lineht@=\dimen111
\@envbody=\toks17
\multlinegap=\skip44
\multlinetaggap=\skip45
\mathdisplay@stack=\toks18
LaTeX Info: Redefining \[ on input line 2817.
LaTeX Info: Redefining \] on input line 2818.
)
("C:\Users\Dylan Galea\AppData\Local\Programs\MiKTeX 2.9\tex\latex\amscls\amsth
m.sty"
Package: amsthm 2017/10/31 v2.20.4
\thm@style=\toks19
\thm@bodyfont=\toks20
\thm@headfont=\toks21
\thm@notefont=\toks22
\thm@headpunct=\toks23
\thm@preskip=\skip46
\thm@postskip=\skip47
\thm@headsep=\skip48
\dth@everypar=\toks24
)
("C:\Users\Dylan Galea\AppData\Local\Programs\MiKTeX 2.9\tex\latex\amsfonts\ams
symb.sty"
Package: amssymb 2013/01/14 v3.01 AMS font symbols

("C:\Users\Dylan Galea\AppData\Local\Programs\MiKTeX 2.9\tex\latex\amsfonts\ams
fonts.sty"
Package: amsfonts 2013/01/14 v3.01 Basic AMSFonts support
\symAMSa=\mathgroup4
\symAMSb=\mathgroup5
LaTeX Font Info:    Overwriting math alphabet `\mathfrak' in version `bold'
(Font)                  U/euf/m/n --> U/euf/b/n on input line 106.
))
("C:\Users\Dylan Galea\AppData\Local\Programs\MiKTeX 2.9\tex\latex\physics\phys
ics.sty"
Package: physics 

("C:\Users\Dylan Galea\AppData\Local\Programs\MiKTeX 2.9\tex\latex\l3packages\x
parse\xparse.sty"
("C:\Users\Dylan Galea\AppData\Local\Programs\MiKTeX 2.9\tex\latex\l3kernel\exp
l3.sty"
Package: expl3 2018-10-19 L3 programming layer (loader) 

("C:\Users\Dylan Galea\AppData\Local\Programs\MiKTeX 2.9\tex\latex\l3kernel\exp
l3-code.tex"
Package: expl3 2018-10-19 L3 programming layer (code)
\c_max_int=\count99
\l_tmpa_int=\count100
\l_tmpb_int=\count101
\g_tmpa_int=\count102
\g_tmpb_int=\count103
\g__kernel_prg_map_int=\count104
\c_log_iow=\count105
\l_iow_line_count_int=\count106
\l__iow_line_target_int=\count107
\l__iow_one_indent_int=\count108
\l__iow_indent_int=\count109
\c_zero_dim=\dimen112
\c_max_dim=\dimen113
\l_tmpa_dim=\dimen114
\l_tmpb_dim=\dimen115
\g_tmpa_dim=\dimen116
\g_tmpb_dim=\dimen117
\c_zero_skip=\skip49
\c_max_skip=\skip50
\l_tmpa_skip=\skip51
\l_tmpb_skip=\skip52
\g_tmpa_skip=\skip53
\g_tmpb_skip=\skip54
\c_zero_muskip=\muskip11
\c_max_muskip=\muskip12
\l_tmpa_muskip=\muskip13
\l_tmpb_muskip=\muskip14
\g_tmpa_muskip=\muskip15
\g_tmpb_muskip=\muskip16
\l_keys_choice_int=\count110
\l__intarray_loop_int=\count111
\c__intarray_sp_dim=\dimen118
\g__intarray_font_int=\count112
\c__fp_leading_shift_int=\count113
\c__fp_middle_shift_int=\count114
\c__fp_trailing_shift_int=\count115
\c__fp_big_leading_shift_int=\count116
\c__fp_big_middle_shift_int=\count117
\c__fp_big_trailing_shift_int=\count118
\c__fp_Bigg_leading_shift_int=\count119
\c__fp_Bigg_middle_shift_int=\count120
\c__fp_Bigg_trailing_shift_int=\count121
\g__fp_array_int=\count122
\l__fp_array_loop_int=\count123
\l__sort_length_int=\count124
\l__sort_min_int=\count125
\l__sort_top_int=\count126
\l__sort_max_int=\count127
\l__sort_true_max_int=\count128
\l__sort_block_int=\count129
\l__sort_begin_int=\count130
\l__sort_end_int=\count131
\l__sort_A_int=\count132
\l__sort_B_int=\count133
\l__sort_C_int=\count134
\l__tl_analysis_normal_int=\count135
\l__tl_analysis_index_int=\count136
\l__tl_analysis_nesting_int=\count137
\l__tl_analysis_type_int=\count138
\l__regex_internal_a_int=\count139
\l__regex_internal_b_int=\count140
\l__regex_internal_c_int=\count141
\l__regex_balance_int=\count142
\l__regex_group_level_int=\count143
\l__regex_mode_int=\count144
\c__regex_cs_in_class_mode_int=\count145
\c__regex_cs_mode_int=\count146
\l__regex_catcodes_int=\count147
\l__regex_default_catcodes_int=\count148
\c__regex_catcode_L_int=\count149
\c__regex_catcode_O_int=\count150
\c__regex_catcode_A_int=\count151
\c__regex_all_catcodes_int=\count152
\l__regex_show_lines_int=\count153
\l__regex_min_state_int=\count154
\l__regex_max_state_int=\count155
\l__regex_left_state_int=\count156
\l__regex_right_state_int=\count157
\l__regex_capturing_group_int=\count158
\l__regex_min_pos_int=\count159
\l__regex_max_pos_int=\count160
\l__regex_curr_pos_int=\count161
\l__regex_start_pos_int=\count162
\l__regex_success_pos_int=\count163
\l__regex_curr_char_int=\count164
\l__regex_curr_catcode_int=\count165
\l__regex_last_char_int=\count166
\l__regex_case_changed_char_int=\count167
\l__regex_curr_state_int=\count168
\l__regex_step_int=\count169
\l__regex_min_active_int=\count170
\l__regex_max_active_int=\count171
\l__regex_replacement_csnames_int=\count172
\l__regex_match_count_int=\count173
\l__regex_min_submatch_int=\count174
\l__regex_submatch_int=\count175
\l__regex_zeroth_submatch_int=\count176
\g__regex_trace_regex_int=\count177
\c_empty_box=\box28
\l_tmpa_box=\box29
\l_tmpb_box=\box30
\g_tmpa_box=\box31
\g_tmpb_box=\box32
\l__box_top_dim=\dimen119
\l__box_bottom_dim=\dimen120
\l__box_left_dim=\dimen121
\l__box_right_dim=\dimen122
\l__box_top_new_dim=\dimen123
\l__box_bottom_new_dim=\dimen124
\l__box_left_new_dim=\dimen125
\l__box_right_new_dim=\dimen126
\l__box_internal_box=\box33
\l__coffin_internal_box=\box34
\l__coffin_internal_dim=\dimen127
\l__coffin_offset_x_dim=\dimen128
\l__coffin_offset_y_dim=\dimen129
\l__coffin_x_dim=\dimen130
\l__coffin_y_dim=\dimen131
\l__coffin_x_prime_dim=\dimen132
\l__coffin_y_prime_dim=\dimen133
\c_empty_coffin=\box35
\l__coffin_aligned_coffin=\box36
\l__coffin_aligned_internal_coffin=\box37
\l_tmpa_coffin=\box38
\l_tmpb_coffin=\box39
\l__coffin_display_coffin=\box40
\l__coffin_display_coord_coffin=\box41
\l__coffin_display_pole_coffin=\box42
\l__coffin_display_offset_dim=\dimen134
\l__coffin_display_x_dim=\dimen135
\l__coffin_display_y_dim=\dimen136
\g__file_internal_ior=\read1
\l__coffin_bounding_shift_dim=\dimen137
\l__coffin_left_corner_dim=\dimen138
\l__coffin_right_corner_dim=\dimen139
\l__coffin_bottom_corner_dim=\dimen140
\l__coffin_top_corner_dim=\dimen141
\l__coffin_scaled_total_height_dim=\dimen142
\l__coffin_scaled_width_dim=\dimen143
)
("C:\Users\Dylan Galea\AppData\Local\Programs\MiKTeX 2.9\tex\latex\l3kernel\l3x
dvipdfmx.def"
File: l3xdvidpfmx.def 2018-10-19 v L3 Experimental driver: xdvipdfmx
\g__driver_image_int=\count178
\g__driver_pdf_object_int=\count179
))
Package: xparse 2018-10-17 L3 Experimental document command parser
\l__xparse_current_arg_int=\count180
\g__xparse_grabber_int=\count181
\l__xparse_m_args_int=\count182
\l__xparse_mandatory_args_int=\count183
\l__xparse_v_nesting_int=\count184
))
("C:\Users\Dylan Galea\AppData\Local\Programs\MiKTeX 2.9\tex\latex\pgf\frontend
layer\tikz.sty"
("C:\Users\Dylan Galea\AppData\Local\Programs\MiKTeX 2.9\tex\latex\pgf\basiclay
er\pgf.sty"
("C:\Users\Dylan Galea\AppData\Local\Programs\MiKTeX 2.9\tex\latex\pgf\utilitie
s\pgfrcs.sty"
("C:\Users\Dylan Galea\AppData\Local\Programs\MiKTeX 2.9\tex\generic\pgf\utilit
ies\pgfutil-common.tex"
\pgfutil@everybye=\toks25
\pgfutil@tempdima=\dimen144
\pgfutil@tempdimb=\dimen145

("C:\Users\Dylan Galea\AppData\Local\Programs\MiKTeX 2.9\tex\generic\pgf\utilit
ies\pgfutil-common-lists.tex"))
("C:\Users\Dylan Galea\AppData\Local\Programs\MiKTeX 2.9\tex\generic\pgf\utilit
ies\pgfutil-latex.def"
\pgfutil@abb=\box43

("C:\Users\Dylan Galea\AppData\Local\Programs\MiKTeX 2.9\tex\latex\ms\everyshi.
sty"
Package: everyshi 2001/05/15 v3.00 EveryShipout Package (MS)
))
("C:\Users\Dylan Galea\AppData\Local\Programs\MiKTeX 2.9\tex\generic\pgf\utilit
ies\pgfrcs.code.tex"
Package: pgfrcs 2015/08/07 v3.0.1a (rcs-revision 1.31)
))
Package: pgf 2015/08/07 v3.0.1a (rcs-revision 1.15)

("C:\Users\Dylan Galea\AppData\Local\Programs\MiKTeX 2.9\tex\latex\pgf\basiclay
er\pgfcore.sty"
("C:\Users\Dylan Galea\AppData\Local\Programs\MiKTeX 2.9\tex\latex\graphics\gra
phicx.sty"
Package: graphicx 2017/06/01 v1.1a Enhanced LaTeX Graphics (DPC,SPQR)

("C:\Users\Dylan Galea\AppData\Local\Programs\MiKTeX 2.9\tex\latex\graphics\key
val.sty"
Package: keyval 2014/10/28 v1.15 key=value parser (DPC)
\KV@toks@=\toks26
)
("C:\Users\Dylan Galea\AppData\Local\Programs\MiKTeX 2.9\tex\latex\graphics\gra
phics.sty"
Package: graphics 2017/06/25 v1.2c Standard LaTeX Graphics (DPC,SPQR)

("C:\Users\Dylan Galea\AppData\Local\Programs\MiKTeX 2.9\tex\latex\graphics\tri
g.sty"
Package: trig 2016/01/03 v1.10 sin cos tan (DPC)
)
("C:\Users\Dylan Galea\AppData\Local\Programs\MiKTeX 2.9\tex\latex\graphics-cfg
\graphics.cfg"
File: graphics.cfg 2016/06/04 v1.11 sample graphics configuration
)
Package graphics Info: Driver file: xetex.def on input line 99.

("C:\Users\Dylan Galea\AppData\Local\Programs\MiKTeX 2.9\tex\latex\graphics-def
\xetex.def"
File: xetex.def 2017/06/24 v5.0h Graphics/color driver for xetex
))
\Gin@req@height=\dimen146
\Gin@req@width=\dimen147
)
("C:\Users\Dylan Galea\AppData\Local\Programs\MiKTeX 2.9\tex\latex\pgf\systemla
yer\pgfsys.sty"
("C:\Users\Dylan Galea\AppData\Local\Programs\MiKTeX 2.9\tex\generic\pgf\system
layer\pgfsys.code.tex"
Package: pgfsys 2014/07/09 v3.0.1a (rcs-revision 1.48)

("C:\Users\Dylan Galea\AppData\Local\Programs\MiKTeX 2.9\tex\generic\pgf\utilit
ies\pgfkeys.code.tex"
\pgfkeys@pathtoks=\toks27
\pgfkeys@temptoks=\toks28

("C:\Users\Dylan Galea\AppData\Local\Programs\MiKTeX 2.9\tex\generic\pgf\utilit
ies\pgfkeysfiltered.code.tex"
\pgfkeys@tmptoks=\toks29
))
\pgf@x=\dimen148
\pgf@y=\dimen149
\pgf@xa=\dimen150
\pgf@ya=\dimen151
\pgf@xb=\dimen152
\pgf@yb=\dimen153
\pgf@xc=\dimen154
\pgf@yc=\dimen155
\w@pgf@writea=\write3
\r@pgf@reada=\read2
\c@pgf@counta=\count185
\c@pgf@countb=\count186
\c@pgf@countc=\count187
\c@pgf@countd=\count188
\t@pgf@toka=\toks30
\t@pgf@tokb=\toks31
\t@pgf@tokc=\toks32

("C:\Users\Dylan Galea\AppData\Local\Programs\MiKTeX 2.9\tex\generic\pgf\system
layer\pgf.cfg"
File: pgf.cfg 2008/05/14  (rcs-revision 1.7)
)
Driver file for pgf: pgfsys-xetex.def

("C:\Users\Dylan Galea\AppData\Local\Programs\MiKTeX 2.9\tex\generic\pgf\system
layer\pgfsys-xetex.def"
File: pgfsys-xetex.def 2014/07/09  (rcs-revision 1.11)

("C:\Users\Dylan Galea\AppData\Local\Programs\MiKTeX 2.9\tex\generic\pgf\system
layer\pgfsys-dvipdfmx.def"
File: pgfsys-dvipdfmx.def 2014/07/09  (rcs-revision 1.14)

("C:\Users\Dylan Galea\AppData\Local\Programs\MiKTeX 2.9\tex\generic\pgf\system
layer\pgfsys-common-pdf.def"
File: pgfsys-common-pdf.def 2013/10/10  (rcs-revision 1.13)
)
\pgfsys@objnum=\count189
)))
("C:\Users\Dylan Galea\AppData\Local\Programs\MiKTeX 2.9\tex\generic\pgf\system
layer\pgfsyssoftpath.code.tex"
File: pgfsyssoftpath.code.tex 2013/09/09  (rcs-revision 1.9)
\pgfsyssoftpath@smallbuffer@items=\count190
\pgfsyssoftpath@bigbuffer@items=\count191
)
("C:\Users\Dylan Galea\AppData\Local\Programs\MiKTeX 2.9\tex\generic\pgf\system
layer\pgfsysprotocol.code.tex"
File: pgfsysprotocol.code.tex 2006/10/16  (rcs-revision 1.4)
))
("C:\Users\Dylan Galea\AppData\Local\Programs\MiKTeX 2.9\tex\latex\xcolor\xcolo
r.sty"
Package: xcolor 2016/05/11 v2.12 LaTeX color extensions (UK)

("C:\Users\Dylan Galea\AppData\Local\Programs\MiKTeX 2.9\tex\latex\graphics-cfg
\color.cfg"
File: color.cfg 2016/01/02 v1.6 sample color configuration
)
Package xcolor Info: Driver file: xetex.def on input line 225.
Package xcolor Info: Model `cmy' substituted by `cmy0' on input line 1348.
Package xcolor Info: Model `RGB' extended on input line 1364.
Package xcolor Info: Model `HTML' substituted by `rgb' on input line 1366.
Package xcolor Info: Model `Hsb' substituted by `hsb' on input line 1367.
Package xcolor Info: Model `tHsb' substituted by `hsb' on input line 1368.
Package xcolor Info: Model `HSB' substituted by `hsb' on input line 1369.
Package xcolor Info: Model `Gray' substituted by `gray' on input line 1370.
Package xcolor Info: Model `wave' substituted by `hsb' on input line 1371.
)
("C:\Users\Dylan Galea\AppData\Local\Programs\MiKTeX 2.9\tex\generic\pgf\basicl
ayer\pgfcore.code.tex"
Package: pgfcore 2010/04/11 v3.0.1a (rcs-revision 1.7)

("C:\Users\Dylan Galea\AppData\Local\Programs\MiKTeX 2.9\tex\generic\pgf\math\p
gfmath.code.tex"
("C:\Users\Dylan Galea\AppData\Local\Programs\MiKTeX 2.9\tex\generic\pgf\math\p
gfmathcalc.code.tex"
("C:\Users\Dylan Galea\AppData\Local\Programs\MiKTeX 2.9\tex\generic\pgf\math\p
gfmathutil.code.tex")
("C:\Users\Dylan Galea\AppData\Local\Programs\MiKTeX 2.9\tex\generic\pgf\math\p
gfmathparser.code.tex"
\pgfmath@dimen=\dimen156
\pgfmath@count=\count192
\pgfmath@box=\box44
\pgfmath@toks=\toks33
\pgfmath@stack@operand=\toks34
\pgfmath@stack@operation=\toks35
)
("C:\Users\Dylan Galea\AppData\Local\Programs\MiKTeX 2.9\tex\generic\pgf\math\p
gfmathfunctions.code.tex"
("C:\Users\Dylan Galea\AppData\Local\Programs\MiKTeX 2.9\tex\generic\pgf\math\p
gfmathfunctions.basic.code.tex")
("C:\Users\Dylan Galea\AppData\Local\Programs\MiKTeX 2.9\tex\generic\pgf\math\p
gfmathfunctions.trigonometric.code.tex")
("C:\Users\Dylan Galea\AppData\Local\Programs\MiKTeX 2.9\tex\generic\pgf\math\p
gfmathfunctions.random.code.tex")
("C:\Users\Dylan Galea\AppData\Local\Programs\MiKTeX 2.9\tex\generic\pgf\math\p
gfmathfunctions.comparison.code.tex")
("C:\Users\Dylan Galea\AppData\Local\Programs\MiKTeX 2.9\tex\generic\pgf\math\p
gfmathfunctions.base.code.tex")
("C:\Users\Dylan Galea\AppData\Local\Programs\MiKTeX 2.9\tex\generic\pgf\math\p
gfmathfunctions.round.code.tex")
("C:\Users\Dylan Galea\AppData\Local\Programs\MiKTeX 2.9\tex\generic\pgf\math\p
gfmathfunctions.misc.code.tex")
("C:\Users\Dylan Galea\AppData\Local\Programs\MiKTeX 2.9\tex\generic\pgf\math\p
gfmathfunctions.integerarithmetics.code.tex")))
("C:\Users\Dylan Galea\AppData\Local\Programs\MiKTeX 2.9\tex\generic\pgf\math\p
gfmathfloat.code.tex"
\c@pgfmathroundto@lastzeros=\count193
))
("C:\Users\Dylan Galea\AppData\Local\Programs\MiKTeX 2.9\tex\generic\pgf\basicl
ayer\pgfcorepoints.code.tex"
File: pgfcorepoints.code.tex 2013/10/07  (rcs-revision 1.27)
\pgf@picminx=\dimen157
\pgf@picmaxx=\dimen158
\pgf@picminy=\dimen159
\pgf@picmaxy=\dimen160
\pgf@pathminx=\dimen161
\pgf@pathmaxx=\dimen162
\pgf@pathminy=\dimen163
\pgf@pathmaxy=\dimen164
\pgf@xx=\dimen165
\pgf@xy=\dimen166
\pgf@yx=\dimen167
\pgf@yy=\dimen168
\pgf@zx=\dimen169
\pgf@zy=\dimen170
)
("C:\Users\Dylan Galea\AppData\Local\Programs\MiKTeX 2.9\tex\generic\pgf\basicl
ayer\pgfcorepathconstruct.code.tex"
File: pgfcorepathconstruct.code.tex 2013/10/07  (rcs-revision 1.29)
\pgf@path@lastx=\dimen171
\pgf@path@lasty=\dimen172
)
("C:\Users\Dylan Galea\AppData\Local\Programs\MiKTeX 2.9\tex\generic\pgf\basicl
ayer\pgfcorepathusage.code.tex"
File: pgfcorepathusage.code.tex 2014/11/02  (rcs-revision 1.24)
\pgf@shorten@end@additional=\dimen173
\pgf@shorten@start@additional=\dimen174
)
("C:\Users\Dylan Galea\AppData\Local\Programs\MiKTeX 2.9\tex\generic\pgf\basicl
ayer\pgfcorescopes.code.tex"
File: pgfcorescopes.code.tex 2015/05/08  (rcs-revision 1.46)
\pgfpic=\box45
\pgf@hbox=\box46
\pgf@layerbox@main=\box47
\pgf@picture@serial@count=\count194
)
("C:\Users\Dylan Galea\AppData\Local\Programs\MiKTeX 2.9\tex\generic\pgf\basicl
ayer\pgfcoregraphicstate.code.tex"
File: pgfcoregraphicstate.code.tex 2014/11/02  (rcs-revision 1.12)
\pgflinewidth=\dimen175
)
("C:\Users\Dylan Galea\AppData\Local\Programs\MiKTeX 2.9\tex\generic\pgf\basicl
ayer\pgfcoretransformations.code.tex"
File: pgfcoretransformations.code.tex 2015/08/07  (rcs-revision 1.20)
\pgf@pt@x=\dimen176
\pgf@pt@y=\dimen177
\pgf@pt@temp=\dimen178
)
("C:\Users\Dylan Galea\AppData\Local\Programs\MiKTeX 2.9\tex\generic\pgf\basicl
ayer\pgfcorequick.code.tex"
File: pgfcorequick.code.tex 2008/10/09  (rcs-revision 1.3)
)
("C:\Users\Dylan Galea\AppData\Local\Programs\MiKTeX 2.9\tex\generic\pgf\basicl
ayer\pgfcoreobjects.code.tex"
File: pgfcoreobjects.code.tex 2006/10/11  (rcs-revision 1.2)
)
("C:\Users\Dylan Galea\AppData\Local\Programs\MiKTeX 2.9\tex\generic\pgf\basicl
ayer\pgfcorepathprocessing.code.tex"
File: pgfcorepathprocessing.code.tex 2013/09/09  (rcs-revision 1.9)
)
("C:\Users\Dylan Galea\AppData\Local\Programs\MiKTeX 2.9\tex\generic\pgf\basicl
ayer\pgfcorearrows.code.tex"
File: pgfcorearrows.code.tex 2015/05/14  (rcs-revision 1.43)
\pgfarrowsep=\dimen179
)
("C:\Users\Dylan Galea\AppData\Local\Programs\MiKTeX 2.9\tex\generic\pgf\basicl
ayer\pgfcoreshade.code.tex"
File: pgfcoreshade.code.tex 2013/07/15  (rcs-revision 1.15)
\pgf@max=\dimen180
\pgf@sys@shading@range@num=\count195
)
("C:\Users\Dylan Galea\AppData\Local\Programs\MiKTeX 2.9\tex\generic\pgf\basicl
ayer\pgfcoreimage.code.tex"
File: pgfcoreimage.code.tex 2013/07/15  (rcs-revision 1.18)

("C:\Users\Dylan Galea\AppData\Local\Programs\MiKTeX 2.9\tex\generic\pgf\basicl
ayer\pgfcoreexternal.code.tex"
File: pgfcoreexternal.code.tex 2014/07/09  (rcs-revision 1.21)
\pgfexternal@startupbox=\box48
))
("C:\Users\Dylan Galea\AppData\Local\Programs\MiKTeX 2.9\tex\generic\pgf\basicl
ayer\pgfcorelayers.code.tex"
File: pgfcorelayers.code.tex 2013/07/18  (rcs-revision 1.7)
)
("C:\Users\Dylan Galea\AppData\Local\Programs\MiKTeX 2.9\tex\generic\pgf\basicl
ayer\pgfcoretransparency.code.tex"
File: pgfcoretransparency.code.tex 2013/09/30  (rcs-revision 1.5)
)
("C:\Users\Dylan Galea\AppData\Local\Programs\MiKTeX 2.9\tex\generic\pgf\basicl
ayer\pgfcorepatterns.code.tex"
File: pgfcorepatterns.code.tex 2013/11/07  (rcs-revision 1.5)
)))
("C:\Users\Dylan Galea\AppData\Local\Programs\MiKTeX 2.9\tex\generic\pgf\module
s\pgfmoduleshapes.code.tex"
File: pgfmoduleshapes.code.tex 2014/03/21  (rcs-revision 1.35)
\pgfnodeparttextbox=\box49
)
("C:\Users\Dylan Galea\AppData\Local\Programs\MiKTeX 2.9\tex\generic\pgf\module
s\pgfmoduleplot.code.tex"
File: pgfmoduleplot.code.tex 2015/08/03  (rcs-revision 1.13)
)
("C:\Users\Dylan Galea\AppData\Local\Programs\MiKTeX 2.9\tex\latex\pgf\compatib
ility\pgfcomp-version-0-65.sty"
Package: pgfcomp-version-0-65 2007/07/03 v3.0.1a (rcs-revision 1.7)
\pgf@nodesepstart=\dimen181
\pgf@nodesepend=\dimen182
)
("C:\Users\Dylan Galea\AppData\Local\Programs\MiKTeX 2.9\tex\latex\pgf\compatib
ility\pgfcomp-version-1-18.sty"
Package: pgfcomp-version-1-18 2007/07/23 v3.0.1a (rcs-revision 1.1)
))
("C:\Users\Dylan Galea\AppData\Local\Programs\MiKTeX 2.9\tex\latex\pgf\utilitie
s\pgffor.sty"
("C:\Users\Dylan Galea\AppData\Local\Programs\MiKTeX 2.9\tex\latex\pgf\utilitie
s\pgfkeys.sty"
("C:\Users\Dylan Galea\AppData\Local\Programs\MiKTeX 2.9\tex\generic\pgf\utilit
ies\pgfkeys.code.tex"))
("C:\Users\Dylan Galea\AppData\Local\Programs\MiKTeX 2.9\tex\latex\pgf\math\pgf
math.sty"
("C:\Users\Dylan Galea\AppData\Local\Programs\MiKTeX 2.9\tex\generic\pgf\math\p
gfmath.code.tex"))
("C:\Users\Dylan Galea\AppData\Local\Programs\MiKTeX 2.9\tex\generic\pgf\utilit
ies\pgffor.code.tex"
Package: pgffor 2013/12/13 v3.0.1a (rcs-revision 1.25)

("C:\Users\Dylan Galea\AppData\Local\Programs\MiKTeX 2.9\tex\generic\pgf\math\p
gfmath.code.tex")
\pgffor@iter=\dimen183
\pgffor@skip=\dimen184
\pgffor@stack=\toks36
\pgffor@toks=\toks37
))
("C:\Users\Dylan Galea\AppData\Local\Programs\MiKTeX 2.9\tex\generic\pgf\fronte
ndlayer\tikz\tikz.code.tex"
Package: tikz 2015/08/07 v3.0.1a (rcs-revision 1.151)

("C:\Users\Dylan Galea\AppData\Local\Programs\MiKTeX 2.9\tex\generic\pgf\librar
ies\pgflibraryplothandlers.code.tex"
File: pgflibraryplothandlers.code.tex 2013/08/31 v3.0.1a (rcs-revision 1.20)
\pgf@plot@mark@count=\count196
\pgfplotmarksize=\dimen185
)
\tikz@lastx=\dimen186
\tikz@lasty=\dimen187
\tikz@lastxsaved=\dimen188
\tikz@lastysaved=\dimen189
\tikzleveldistance=\dimen190
\tikzsiblingdistance=\dimen191
\tikz@figbox=\box50
\tikz@figbox@bg=\box51
\tikz@tempbox=\box52
\tikz@tempbox@bg=\box53
\tikztreelevel=\count197
\tikznumberofchildren=\count198
\tikznumberofcurrentchild=\count199
\tikz@fig@count=\count266

("C:\Users\Dylan Galea\AppData\Local\Programs\MiKTeX 2.9\tex\generic\pgf\module
s\pgfmodulematrix.code.tex"
File: pgfmodulematrix.code.tex 2013/09/17  (rcs-revision 1.8)
\pgfmatrixcurrentrow=\count267
\pgfmatrixcurrentcolumn=\count268
\pgf@matrix@numberofcolumns=\count269
)
\tikz@expandcount=\count270

("C:\Users\Dylan Galea\AppData\Local\Programs\MiKTeX 2.9\tex\generic\pgf\fronte
ndlayer\tikz\libraries\tikzlibrarytopaths.code.tex"
File: tikzlibrarytopaths.code.tex 2008/06/17 v3.0.1a (rcs-revision 1.2)
)))
("C:\Users\Dylan Galea\AppData\Local\Programs\MiKTeX 2.9\tex\latex\slashbox\sla
shbox.sty"
slashbox style by K.Yasuoka, May 1993.
\@slashboxa=\box54
\@slashboxb=\box55
\@slashboxc=\box56
\@slashboxwd=\count271
\@slashboxht=\count272
\@slashsepl=\dimen192
\@slashsepr=\dimen193
)
("C:\Users\Dylan Galea\AppData\Local\Programs\MiKTeX 2.9\tex\generic\pgf\librar
ies\pgflibraryarrows.meta.code.tex"
File: pgflibraryarrows.meta.code.tex 2015/05/13 v3.0.1a (rcs-revision 1.13)
\pgfarrowinset=\dimen194
\pgfarrowlength=\dimen195
\pgfarrowwidth=\dimen196
\pgfarrowlinewidth=\dimen197
)
("C:\Users\Dylan Galea\AppData\Local\Programs\MiKTeX 2.9\tex\generic\pgf\fronte
ndlayer\tikz\libraries\tikzlibraryautomata.code.tex"
File: tikzlibraryautomata.code.tex 2008/07/14 v3.0.1a (rcs-revision 1.3)

("C:\Users\Dylan Galea\AppData\Local\Programs\MiKTeX 2.9\tex\generic\pgf\fronte
ndlayer\tikz\libraries\tikzlibraryshapes.multipart.code.tex"
File: tikzlibraryshapes.multipart.code.tex 2008/01/09 v3.0.1a (rcs-revision 1.1
)

("C:\Users\Dylan Galea\AppData\Local\Programs\MiKTeX 2.9\tex\generic\pgf\librar
ies\shapes\pgflibraryshapes.multipart.code.tex"
File: pgflibraryshapes.multipart.code.tex 2010/01/07 v3.0.1a (rcs-revision 1.2)

\pgfnodepartlowerbox=\box57
\pgfnodeparttwobox=\box58
\pgfnodepartthreebox=\box59
\pgfnodepartfourbox=\box60
\pgfnodeparttwentybox=\box61
\pgfnodepartnineteenbox=\box62
\pgfnodeparteighteenbox=\box63
\pgfnodepartseventeenbox=\box64
\pgfnodepartsixteenbox=\box65
\pgfnodepartfifteenbox=\box66
\pgfnodepartfourteenbox=\box67
\pgfnodepartthirteenbox=\box68
\pgfnodeparttwelvebox=\box69
\pgfnodepartelevenbox=\box70
\pgfnodeparttenbox=\box71
\pgfnodepartninebox=\box72
\pgfnodeparteightbox=\box73
\pgfnodepartsevenbox=\box74
\pgfnodepartsixbox=\box75
\pgfnodepartfivebox=\box76
)))
("C:\Users\Dylan Galea\AppData\Local\Programs\MiKTeX 2.9\tex\generic\pgf\fronte
ndlayer\tikz\libraries\tikzlibrarypositioning.code.tex"
File: tikzlibrarypositioning.code.tex 2008/10/06 v3.0.1a (rcs-revision 1.7)
)
\c@definition=\count273

No file write_up_better.aux.
\openout1 = `write_up_better.aux'.

LaTeX Font Info:    Checking defaults for OML/cmm/m/it on input line 20.
LaTeX Font Info:    ... okay on input line 20.
LaTeX Font Info:    Checking defaults for T1/cmr/m/n on input line 20.
LaTeX Font Info:    ... okay on input line 20.
LaTeX Font Info:    Checking defaults for OT1/cmr/m/n on input line 20.
LaTeX Font Info:    ... okay on input line 20.
LaTeX Font Info:    Checking defaults for OMS/cmsy/m/n on input line 20.
LaTeX Font Info:    ... okay on input line 20.
LaTeX Font Info:    Checking defaults for TU/lmr/m/n on input line 20.
LaTeX Font Info:    ... okay on input line 20.
LaTeX Font Info:    Checking defaults for OMX/cmex/m/n on input line 20.
LaTeX Font Info:    ... okay on input line 20.
LaTeX Font Info:    Checking defaults for U/cmr/m/n on input line 20.
LaTeX Font Info:    ... okay on input line 20.
ABD: EveryShipout initializing macros
LaTeX Font Info:    Try loading font information for U+msa on input line 21.

("C:\Users\Dylan Galea\AppData\Local\Programs\MiKTeX 2.9\tex\latex\amsfonts\ums
a.fd"
File: umsa.fd 2013/01/14 v3.01 AMS symbols A
)
LaTeX Font Info:    Try loading font information for U+msb on input line 21.

("C:\Users\Dylan Galea\AppData\Local\Programs\MiKTeX 2.9\tex\latex\amsfonts\ums
b.fd"
File: umsb.fd 2013/01/14 v3.01 AMS symbols B
) [1

]
No file write_up_better.toc.
\tf@toc=\write4
\openout4 = `write_up_better.toc'.

[2]

LaTeX Warning: Reference `Graph' on page 3 undefined on input line 28.


LaTeX Warning: Citation `black_tanenbaum_2017' on page 3 undefined on input lin
e 31.


LaTeX Warning: Reference `Graph' on page 3 undefined on input line 33.


LaTeX Warning: Citation `black_tanenbaum_2017' on page 3 undefined on input lin
e 33.


LaTeX Warning: Reference `adjacent' on page 3 undefined on input line 34.


Underfull \hbox (badness 10000) in paragraph at lines 33--35

 []


LaTeX Warning: Citation `harris_hirst_mossinghoff_2008' on page 3 undefined on 
input line 37.


LaTeX Warning: Citation `harris_hirst_mossinghoff_2008' on page 3 undefined on 
input line 42.


LaTeX Warning: Citation `harris_hirst_mossinghoff_2008' on page 3 undefined on 
input line 47.


LaTeX Warning: Reference `Example 1' on page 3 undefined on input line 49.

[3]
Underfull \hbox (badness 10000) in paragraph at lines 52--53

 []

Missing character: There is no = in font nullfont!
Missing character: There is no [ in font nullfont!
Missing character: There is no d in font nullfont!
Missing character: There is no r in font nullfont!
Missing character: There is no a in font nullfont!
Missing character: There is no w in font nullfont!
Missing character: There is no = in font nullfont!
Missing character: There is no b in font nullfont!
Missing character: There is no l in font nullfont!
Missing character: There is no a in font nullfont!
Missing character: There is no c in font nullfont!
Missing character: There is no k in font nullfont!
Missing character: There is no , in font nullfont!
Missing character: There is no t in font nullfont!
Missing character: There is no h in font nullfont!
Missing character: There is no i in font nullfont!
Missing character: There is no c in font nullfont!
Missing character: There is no k in font nullfont!
Missing character: There is no , in font nullfont!
Missing character: There is no f in font nullfont!
Missing character: There is no i in font nullfont!
Missing character: There is no l in font nullfont!
Missing character: There is no l in font nullfont!
Missing character: There is no = in font nullfont!
Missing character: There is no b in font nullfont!
Missing character: There is no l in font nullfont!
Missing character: There is no a in font nullfont!
Missing character: There is no c in font nullfont!
Missing character: There is no k in font nullfont!
Missing character: There is no , in font nullfont!
Missing character: There is no m in font nullfont!
Missing character: There is no i in font nullfont!
Missing character: There is no n in font nullfont!
Missing character: There is no i in font nullfont!
Missing character: There is no m in font nullfont!
Missing character: There is no u in font nullfont!
Missing character: There is no m in font nullfont!
Missing character: There is no s in font nullfont!
Missing character: There is no i in font nullfont!
Missing character: There is no z in font nullfont!
Missing character: There is no e in font nullfont!
Missing character: There is no = in font nullfont!
Missing character: There is no 1 in font nullfont!
Missing character: There is no m in font nullfont!
Missing character: There is no m in font nullfont!
Missing character: There is no ] in font nullfont!

LaTeX Warning: Reference `adjacent' on page 4 undefined on input line 79.


LaTeX Warning: Reference `incident' on page 4 undefined on input line 79.


LaTeX Warning: Reference `degree' on page 4 undefined on input line 80.


LaTeX Warning: Citation `harris_hirst_mossinghoff_2008' on page 4 undefined on 
input line 85.


LaTeX Warning: Citation `thompson' on page 4 undefined on input line 90.


LaTeX Warning: Reference `Path' on page 4 undefined on input line 92.


LaTeX Warning: Citation `harris_hirst_mossinghoff_2008' on page 4 undefined on 
input line 95.


LaTeX Warning: Citation `cycle' on page 4 undefined on input line 99.


LaTeX Warning: Reference `Path' on page 4 undefined on input line 101.


LaTeX Warning: Reference `cycle' on page 4 undefined on input line 101.


LaTeX Warning: Reference `Path' on page 4 undefined on input line 101.


LaTeX Warning: Reference `cycle' on page 4 undefined on input line 101.


LaTeX Warning: Reference `Example 1' on page 4 undefined on input line 101.


LaTeX Warning: Reference `Complete Graph' on page 4 undefined on input line 101
.


LaTeX Warning: Reference `Path' on page 4 undefined on input line 101.


LaTeX Warning: Reference `connectedgraph' on page 4 undefined on input line 101
.


LaTeX Warning: Reference `cycle' on page 4 undefined on input line 101.


LaTeX Warning: Reference `example3' on page 4 undefined on input line 101.

[4]
Missing character: There is no = in font nullfont!
Missing character: There is no [ in font nullfont!
Missing character: There is no d in font nullfont!
Missing character: There is no r in font nullfont!
Missing character: There is no a in font nullfont!
Missing character: There is no w in font nullfont!
Missing character: There is no = in font nullfont!
Missing character: There is no b in font nullfont!
Missing character: There is no l in font nullfont!
Missing character: There is no a in font nullfont!
Missing character: There is no c in font nullfont!
Missing character: There is no k in font nullfont!
Missing character: There is no , in font nullfont!
Missing character: There is no t in font nullfont!
Missing character: There is no h in font nullfont!
Missing character: There is no i in font nullfont!
Missing character: There is no c in font nullfont!
Missing character: There is no k in font nullfont!
Missing character: There is no , in font nullfont!
Missing character: There is no f in font nullfont!
Missing character: There is no i in font nullfont!
Missing character: There is no l in font nullfont!
Missing character: There is no l in font nullfont!
Missing character: There is no = in font nullfont!
Missing character: There is no b in font nullfont!
Missing character: There is no l in font nullfont!
Missing character: There is no a in font nullfont!
Missing character: There is no c in font nullfont!
Missing character: There is no k in font nullfont!
Missing character: There is no , in font nullfont!
Missing character: There is no m in font nullfont!
Missing character: There is no i in font nullfont!
Missing character: There is no n in font nullfont!
Missing character: There is no i in font nullfont!
Missing character: There is no m in font nullfont!
Missing character: There is no u in font nullfont!
Missing character: There is no m in font nullfont!
Missing character: There is no s in font nullfont!
Missing character: There is no i in font nullfont!
Missing character: There is no z in font nullfont!
Missing character: There is no e in font nullfont!
Missing character: There is no = in font nullfont!
Missing character: There is no 1 in font nullfont!
Missing character: There is no m in font nullfont!
Missing character: There is no m in font nullfont!
Missing character: There is no ] in font nullfont!


LaTeX Warning: Citation `harris_hirst_mossinghoff_2008' on page 5 undefined on 
input line 146.


LaTeX Warning: Reference `subgraph' on page 5 undefined on input line 148.


LaTeX Warning: Reference `Graph' on page 5 undefined on input line 148.

[5]

LaTeX Warning: Citation `harris_hirst_mossinghoff_2008' on page 6 undefined on 
input line 151.


LaTeX Warning: Reference `Weighted Function' on page 6 undefined on input line 
153.


LaTeX Warning: Citation `harris_hirst_mossinghoff_2008' on page 6 undefined on 
input line 153.


LaTeX Warning: Citation `harris_hirst_mossinghoff_2008' on page 6 undefined on 
input line 156.


LaTeX Warning: Citation `bondy_murty_1982' on page 6 undefined on input line 15
8.


LaTeX Warning: Citation `bondy_murty_1982' on page 6 undefined on input line 16
1.


LaTeX Warning: Reference `subgraph' on page 6 undefined on input line 163.


LaTeX Warning: Reference `example4' on page 6 undefined on input line 163.


LaTeX Warning: Reference `example3' on page 6 undefined on input line 166.


LaTeX Warning: Reference `Weighted Graph' on page 6 undefined on input line 173
.


Underfull \hbox (badness 10000) in paragraph at lines 166--174

 []

Missing character: There is no = in font nullfont!
Missing character: There is no [ in font nullfont!
Missing character: There is no d in font nullfont!
Missing character: There is no r in font nullfont!
Missing character: There is no a in font nullfont!
Missing character: There is no w in font nullfont!
Missing character: There is no = in font nullfont!
Missing character: There is no b in font nullfont!
Missing character: There is no l in font nullfont!
Missing character: There is no a in font nullfont!
Missing character: There is no c in font nullfont!
Missing character: There is no k in font nullfont!
Missing character: There is no , in font nullfont!
Missing character: There is no t in font nullfont!
Missing character: There is no h in font nullfont!
Missing character: There is no i in font nullfont!
Missing character: There is no c in font nullfont!
Missing character: There is no k in font nullfont!
Missing character: There is no , in font nullfont!
Missing character: There is no f in font nullfont!
Missing character: There is no i in font nullfont!
Missing character: There is no l in font nullfont!
Missing character: There is no l in font nullfont!
Missing character: There is no = in font nullfont!
Missing character: There is no w in font nullfont!
Missing character: There is no h in font nullfont!
Missing character: There is no i in font nullfont!
Missing character: There is no t in font nullfont!
Missing character: There is no e in font nullfont!
Missing character: There is no , in font nullfont!
Missing character: There is no m in font nullfont!
Missing character: There is no i in font nullfont!
Missing character: There is no n in font nullfont!
Missing character: There is no i in font nullfont!
Missing character: There is no m in font nullfont!
Missing character: There is no u in font nullfont!
Missing character: There is no m in font nullfont!
Missing character: There is no s in font nullfont!
Missing character: There is no i in font nullfont!
Missing character: There is no z in font nullfont!
Missing character: There is no e in font nullfont!
Missing character: There is no = in font nullfont!
Missing character: There is no 1 in font nullfont!
Missing character: There is no m in font nullfont!
Missing character: There is no m in font nullfont!
Missing character: There is no ] in font nullfont!

LaTeX Warning: Reference `subgraph' on page 6 undefined on input line 201.


LaTeX Warning: Reference `weightofasubgraph' on page 6 undefined on input line 
201.


LaTeX Warning: Citation `guichard_2018' on page 6 undefined on input line 203.


Underfull \hbox (badness 10000) in paragraph at lines 200--204

 []

[6]

LaTeX Warning: Citation `guichard_2018' on page 7 undefined on input line 206.


LaTeX Warning: Citation `ray_2013' on page 7 undefined on input line 211.


LaTeX Warning: Citation `ray_2013' on page 7 undefined on input line 215.


LaTeX Warning: Citation `ray_2013' on page 7 undefined on input line 220.


LaTeX Warning: Reference `hamiltonian cycle' on page 7 undefined on input line 
222.


LaTeX Warning: Reference `spanning subgraph' on page 7 undefined on input line 
222.


LaTeX Warning: Reference `spanning tree' on page 7 undefined on input line 222.



LaTeX Warning: Reference `hamiltonian cycle' on page 7 undefined on input line 
222.


LaTeX Warning: Reference `example4' on page 7 undefined on input line 225.


LaTeX Warning: Reference `spanning subgraph' on page 7 undefined on input line 
225.

Missing character: There is no = in font nullfont!
Missing character: There is no [ in font nullfont!
Missing character: There is no d in font nullfont!
Missing character: There is no r in font nullfont!
Missing character: There is no a in font nullfont!
Missing character: There is no w in font nullfont!
Missing character: There is no = in font nullfont!
Missing character: There is no b in font nullfont!
Missing character: There is no l in font nullfont!
Missing character: There is no a in font nullfont!
Missing character: There is no c in font nullfont!
Missing character: There is no k in font nullfont!
Missing character: There is no , in font nullfont!
Missing character: There is no t in font nullfont!
Missing character: There is no h in font nullfont!
Missing character: There is no i in font nullfont!
Missing character: There is no c in font nullfont!
Missing character: There is no k in font nullfont!
Missing character: There is no , in font nullfont!
Missing character: There is no f in font nullfont!
Missing character: There is no i in font nullfont!
Missing character: There is no l in font nullfont!
Missing character: There is no l in font nullfont!
Missing character: There is no = in font nullfont!
Missing character: There is no w in font nullfont!
Missing character: There is no h in font nullfont!
Missing character: There is no i in font nullfont!
Missing character: There is no t in font nullfont!
Missing character: There is no e in font nullfont!
Missing character: There is no , in font nullfont!
Missing character: There is no m in font nullfont!
Missing character: There is no i in font nullfont!
Missing character: There is no n in font nullfont!
Missing character: There is no i in font nullfont!
Missing character: There is no m in font nullfont!
Missing character: There is no u in font nullfont!
Missing character: There is no m in font nullfont!
Missing character: There is no s in font nullfont!
Missing character: There is no i in font nullfont!
Missing character: There is no z in font nullfont!
Missing character: There is no e in font nullfont!
Missing character: There is no = in font nullfont!
Missing character: There is no 1 in font nullfont!
Missing character: There is no m in font nullfont!
Missing character: There is no m in font nullfont!
Missing character: There is no ] in font nullfont!
Missing character: There is no = in font nullfont!
Missing character: There is no [ in font nullfont!
Missing character: There is no d in font nullfont!
Missing character: There is no r in font nullfont!
Missing character: There is no a in font nullfont!
Missing character: There is no w in font nullfont!
Missing character: There is no = in font nullfont!
Missing character: There is no b in font nullfont!
Missing character: There is no l in font nullfont!
Missing character: There is no a in font nullfont!
Missing character: There is no c in font nullfont!
Missing character: There is no k in font nullfont!
Missing character: There is no , in font nullfont!
Missing character: There is no t in font nullfont!
Missing character: There is no h in font nullfont!
Missing character: There is no i in font nullfont!
Missing character: There is no c in font nullfont!
Missing character: There is no k in font nullfont!
Missing character: There is no , in font nullfont!
Missing character: There is no f in font nullfont!
Missing character: There is no i in font nullfont!
Missing character: There is no l in font nullfont!
Missing character: There is no l in font nullfont!
Missing character: There is no = in font nullfont!
Missing character: There is no w in font nullfont!
Missing character: There is no h in font nullfont!
Missing character: There is no i in font nullfont!
Missing character: There is no t in font nullfont!
Missing character: There is no e in font nullfont!
Missing character: There is no , in font nullfont!
Missing character: There is no m in font nullfont!
Missing character: There is no i in font nullfont!
Missing character: There is no n in font nullfont!
Missing character: There is no i in font nullfont!
Missing character: There is no m in font nullfont!
Missing character: There is no u in font nullfont!
Missing character: There is no m in font nullfont!
Missing character: There is no s in font nullfont!
Missing character: There is no i in font nullfont!
Missing character: There is no z in font nullfont!
Missing character: There is no e in font nullfont!
Missing character: There is no = in font nullfont!
Missing character: There is no 1 in font nullfont!
Missing character: There is no m in font nullfont!
Missing character: There is no m in font nullfont!
Missing character: There is no ] in font nullfont!

LaTeX Warning: Reference `hamiltonian cycle' on page 7 undefined on input line 
275.


LaTeX Warning: Reference `weightofasubgraph' on page 7 undefined on input line 
275.


LaTeX Warning: Reference `example4' on page 7 undefined on input line 276.

Missing character: There is no = in font nullfont!
Missing character: There is no [ in font nullfont!
Missing character: There is no d in font nullfont!
Missing character: There is no r in font nullfont!
Missing character: There is no a in font nullfont!
Missing character: There is no w in font nullfont!
Missing character: There is no = in font nullfont!
Missing character: There is no b in font nullfont!
Missing character: There is no l in font nullfont!
Missing character: There is no a in font nullfont!
Missing character: There is no c in font nullfont!
Missing character: There is no k in font nullfont!
Missing character: There is no , in font nullfont!
Missing character: There is no t in font nullfont!
Missing character: There is no h in font nullfont!
Missing character: There is no i in font nullfont!
Missing character: There is no c in font nullfont!
Missing character: There is no k in font nullfont!
Missing character: There is no , in font nullfont!
Missing character: There is no f in font nullfont!
Missing character: There is no i in font nullfont!
Missing character: There is no l in font nullfont!
Missing character: There is no l in font nullfont!
Missing character: There is no = in font nullfont!
Missing character: There is no w in font nullfont!
Missing character: There is no h in font nullfont!
Missing character: There is no i in font nullfont!
Missing character: There is no t in font nullfont!
Missing character: There is no e in font nullfont!
Missing character: There is no , in font nullfont!
Missing character: There is no m in font nullfont!
Missing character: There is no i in font nullfont!
Missing character: There is no n in font nullfont!
Missing character: There is no i in font nullfont!
Missing character: There is no m in font nullfont!
Missing character: There is no u in font nullfont!
Missing character: There is no m in font nullfont!
Missing character: There is no s in font nullfont!
Missing character: There is no i in font nullfont!
Missing character: There is no z in font nullfont!
Missing character: There is no e in font nullfont!
Missing character: There is no = in font nullfont!
Missing character: There is no 1 in font nullfont!
Missing character: There is no m in font nullfont!
Missing character: There is no m in font nullfont!
Missing character: There is no ] in font nullfont!
Missing character: There is no = in font nullfont!
Missing character: There is no [ in font nullfont!
Missing character: There is no d in font nullfont!
Missing character: There is no r in font nullfont!
Missing character: There is no a in font nullfont!
Missing character: There is no w in font nullfont!
Missing character: There is no = in font nullfont!
Missing character: There is no b in font nullfont!
Missing character: There is no l in font nullfont!
Missing character: There is no a in font nullfont!
Missing character: There is no c in font nullfont!
Missing character: There is no k in font nullfont!
Missing character: There is no , in font nullfont!
Missing character: There is no t in font nullfont!
Missing character: There is no h in font nullfont!
Missing character: There is no i in font nullfont!
Missing character: There is no c in font nullfont!
Missing character: There is no k in font nullfont!
Missing character: There is no , in font nullfont!
Missing character: There is no f in font nullfont!
Missing character: There is no i in font nullfont!
Missing character: There is no l in font nullfont!
Missing character: There is no l in font nullfont!
Missing character: There is no = in font nullfont!
Missing character: There is no w in font nullfont!
Missing character: There is no h in font nullfont!
Missing character: There is no i in font nullfont!
Missing character: There is no t in font nullfont!
Missing character: There is no e in font nullfont!
Missing character: There is no , in font nullfont!
Missing character: There is no m in font nullfont!
Missing character: There is no i in font nullfont!
Missing character: There is no n in font nullfont!
Missing character: There is no i in font nullfont!
Missing character: There is no m in font nullfont!
Missing character: There is no u in font nullfont!
Missing character: There is no m in font nullfont!
Missing character: There is no s in font nullfont!
Missing character: There is no i in font nullfont!
Missing character: There is no z in font nullfont!
Missing character: There is no e in font nullfont!
Missing character: There is no = in font nullfont!
Missing character: There is no 1 in font nullfont!
Missing character: There is no m in font nullfont!
Missing character: There is no m in font nullfont!
Missing character: There is no ] in font nullfont!

Underfull \hbox (badness 10000) in paragraph at lines 225--324

 []

[7] [8]

LaTeX Warning: Reference `spanningtreetheorem' on page 9 undefined on input lin
e 325.


LaTeX Warning: Citation `ray_2013' on page 9 undefined on input line 327.


LaTeX Warning: Citation `ray_2013' on page 9 undefined on input line 332.


LaTeX Warning: Reference `spanningtreetheorem' on page 9 undefined on input lin
e 334.


LaTeX Warning: Citation `guichard_2018' on page 9 undefined on input line 334.


LaTeX Warning: Citation `guichard_2018' on page 9 undefined on input line 334.

[9]

LaTeX Warning: Citation `ray_2013' on page 10 undefined on input line 337.


LaTeX Warning: Citation `ray_2013' on page 10 undefined on input line 346.


LaTeX Warning: Reference `example 6' on page 10 undefined on input line 348.


Underfull \hbox (badness 10000) in paragraph at lines 348--349

 []

Missing character: There is no = in font nullfont!
Missing character: There is no [ in font nullfont!
Missing character: There is no d in font nullfont!
Missing character: There is no r in font nullfont!
Missing character: There is no a in font nullfont!
Missing character: There is no w in font nullfont!
Missing character: There is no = in font nullfont!
Missing character: There is no b in font nullfont!
Missing character: There is no l in font nullfont!
Missing character: There is no a in font nullfont!
Missing character: There is no c in font nullfont!
Missing character: There is no k in font nullfont!
Missing character: There is no , in font nullfont!
Missing character: There is no t in font nullfont!
Missing character: There is no h in font nullfont!
Missing character: There is no i in font nullfont!
Missing character: There is no c in font nullfont!
Missing character: There is no k in font nullfont!
Missing character: There is no , in font nullfont!
Missing character: There is no f in font nullfont!
Missing character: There is no i in font nullfont!
Missing character: There is no l in font nullfont!
Missing character: There is no l in font nullfont!
Missing character: There is no = in font nullfont!
Missing character: There is no w in font nullfont!
Missing character: There is no h in font nullfont!
Missing character: There is no i in font nullfont!
Missing character: There is no t in font nullfont!
Missing character: There is no e in font nullfont!
Missing character: There is no , in font nullfont!
Missing character: There is no m in font nullfont!
Missing character: There is no i in font nullfont!
Missing character: There is no n in font nullfont!
Missing character: There is no i in font nullfont!
Missing character: There is no m in font nullfont!
Missing character: There is no u in font nullfont!
Missing character: There is no m in font nullfont!
Missing character: There is no s in font nullfont!
Missing character: There is no i in font nullfont!
Missing character: There is no z in font nullfont!
Missing character: There is no e in font nullfont!
Missing character: There is no = in font nullfont!
Missing character: There is no 1 in font nullfont!
Missing character: There is no m in font nullfont!
Missing character: There is no m in font nullfont!
Missing character: There is no ] in font nullfont!

Overfull \hbox (22.02895pt too wide) in paragraph at lines 351--380
\OML/cmm/m/it/10 C[]$ \TU/lmr/m/n/10 above is Hamiltonian because it contains t
he Hamiltonian cycle $\OML/cmm/m/it/10 v[]; v[]; v[]; v[]; v[]; v[]$\TU/lmr/m/i
t/10 .
 []

[10]

LaTeX Warning: Citation `cormen_leiserson_rivest_stein' on page 11 undefined on
 input line 386.


LaTeX Warning: Reference `optimization problems' on page 11 undefined on input 
line 388.


LaTeX Warning: Citation `cormen_leiserson_rivest_stein' on page 11 undefined on
 input line 388.


Underfull \hbox (badness 10000) in paragraph at lines 388--389

 []

[11]

LaTeX Warning: Citation `cormen_leiserson_rivest_stein' on page 12 undefined on
 input line 391.


LaTeX Warning: Citation `cormen_leiserson_rivest_stein' on page 12 undefined on
 input line 393.


LaTeX Warning: Citation `cormen_leiserson_rivest_stein' on page 12 undefined on
 input line 393.


LaTeX Warning: Citation `cormen_leiserson_rivest_stein' on page 12 undefined on
 input line 393.


LaTeX Warning: Citation `hackerearth_blog' on page 12 undefined on input line 3
99.


LaTeX Warning: Citation `geeksforgeeks' on page 12 undefined on input line 399.



LaTeX Warning: Citation `cormen_leiserson_rivest_stein' on page 12 undefined on
 input line 400.


LaTeX Warning: Reference `running_time' on page 12 undefined on input line 405.



LaTeX Warning: Citation `cormen_leiserson_rivest_stein' on page 12 undefined on
 input line 408.


LaTeX Warning: Citation `adamchik_2009' on page 12 undefined on input line 408.


[12]

LaTeX Warning: Citation `cormen_leiserson_rivest_stein' on page 13 undefined on
 input line 413.


LaTeX Warning: Citation `adamchik_2009' on page 13 undefined on input line 413.



LaTeX Warning: Citation `cormen_leiserson_rivest_stein' on page 13 undefined on
 input line 415.


LaTeX Warning: Citation `adamchik_2009' on page 13 undefined on input line 415.



LaTeX Warning: Reference `example_running' on page 13 undefined on input line 4
16.


LaTeX Warning: Citation `cormen_leiserson_rivest_stein' on page 13 undefined on
 input line 416.


LaTeX Warning: Citation `adamchik_2009' on page 13 undefined on input line 416.



Underfull \hbox (badness 10000) in paragraph at lines 415--418

 []


Underfull \hbox (badness 10000) in paragraph at lines 415--418

 []

[13]

LaTeX Warning: Reference `example_running' on page 14 undefined on input line 4
19.


LaTeX Warning: Citation `cormen_leiserson_rivest_stein' on page 14 undefined on
 input line 419.


LaTeX Warning: Citation `adamchik_2009' on page 14 undefined on input line 419.



LaTeX Warning: Citation `adamchik_2009' on page 14 undefined on input line 424.



LaTeX Warning: Reference `bigonotation' on page 14 undefined on input line 426.



LaTeX Warning: Citation `adamchik_2009' on page 14 undefined on input line 426.



LaTeX Warning: Reference `bigonotation' on page 14 undefined on input line 426.



LaTeX Warning: Reference `running_time' on page 14 undefined on input line 426.



Overfull \hbox (0.84619pt too wide) in paragraph at lines 426--427
[]$ \TU/lmr/m/n/10 is the worst case running time function of an algorithm and 
$[]$,
 []


LaTeX Warning: Reference `running_time' on page 14 undefined on input line 429.



LaTeX Warning: Reference `bigonotation' on page 14 undefined on input line 429.



LaTeX Warning: Reference `bigonotation' on page 14 undefined on input line 431.



Underfull \hbox (badness 10000) in paragraph at lines 431--433

 []

[14]

LaTeX Warning: Citation `adamchik_2009' on page 15 undefined on input line 435.



LaTeX Warning: Reference `time_complexity' on page 15 undefined on input line 4
37.


LaTeX Warning: Citation `big_o_notation_explained' on page 15 undefined on inpu
t line 438.


LaTeX Warning: Citation `carter_1999' on page 15 undefined on input line 438.


LaTeX Warning: Reference `tab:table1' on page 15 undefined on input line 457.


LaTeX Warning: Citation `big_o_notation_explained' on page 15 undefined on inpu
t line 457.


LaTeX Warning: Citation `cormen_leiserson_rivest_stein' on page 15 undefined on
 input line 457.


LaTeX Warning: Citation `cormen_leiserson_rivest_stein' on page 15 undefined on
 input line 457.


LaTeX Warning: Reference `tab:table2' on page 15 undefined on input line 457.


LaTeX Warning: Reference `tab:table2' on page 15 undefined on input line 457.


Overfull \hbox (35.49496pt too wide) in paragraph at lines 462--470
 [] 
 []


LaTeX Warning: Reference `tab:table2' on page 15 undefined on input line 482.


LaTeX Warning: Citation `pettis' on page 15 undefined on input line 482.


LaTeX Warning: Reference `tab:table2' on page 15 undefined on input line 482.


LaTeX Warning: Citation `pettis' on page 15 undefined on input line 482.


LaTeX Warning: Reference `tab:table2' on page 15 undefined on input line 482.


Underfull \hbox (badness 10000) in paragraph at lines 437--484

 []


Underfull \hbox (badness 10000) in paragraph at lines 437--484

 []


Underfull \hbox (badness 10000) in paragraph at lines 437--484

 []

[15]

LaTeX Warning: Reference `bigonotationexample' on page 16 undefined on input li
ne 486.


LaTeX Warning: Reference `time_complexity' on page 16 undefined on input line 4
86.


LaTeX Warning: Reference `tab:table1' on page 16 undefined on input line 486.


LaTeX Warning: Citation `cormen_leiserson_rivest_stein' on page 16 undefined on
 input line 488.

[16]

LaTeX Warning: Citation `cormen_leiserson_rivest_stein' on page 17 undefined on
 input line 491.


LaTeX Warning: Reference `P' on page 17 undefined on input line 493.


LaTeX Warning: Reference `example_running' on page 17 undefined on input line 4
93.


LaTeX Warning: Reference `time_complexity_example' on page 17 undefined on inpu
t line 493.


LaTeX Warning: Citation `computer_science_stack_exchange' on page 17 undefined 
on input line 496.


LaTeX Warning: Reference `certificate' on page 17 undefined on input line 498.


LaTeX Warning: Reference `certificate' on page 17 undefined on input line 498.


LaTeX Warning: Citation `cormen_leiserson_rivest_stein' on page 17 undefined on
 input line 501.


LaTeX Warning: Reference `polynomial_time_verification' on page 17 undefined on
 input line 503.


LaTeX Warning: Reference `certificate' on page 17 undefined on input line 503.


LaTeX Warning: Reference `polynomial_time_verification' on page 17 undefined on
 input line 503.


LaTeX Warning: Reference `certificate' on page 17 undefined on input line 506.


LaTeX Warning: Reference `polynomial_time_verification' on page 17 undefined on
 input line 506.


LaTeX Warning: Citation `cormen_leiserson_rivest_stein' on page 17 undefined on
 input line 506.

[17]

LaTeX Warning: Citation `cormen_leiserson_rivest_stein' on page 18 undefined on
 input line 511.


LaTeX Warning: Citation `geeksforgeeks_2018_2' on page 18 undefined on input li
ne 511.


LaTeX Warning: Reference `NP' on page 18 undefined on input line 513.


LaTeX Warning: Reference `example decision/optimization' on page 18 undefined o
n input line 513.


LaTeX Warning: Citation `cormen_leiserson_rivest_stein' on page 18 undefined on
 input line 513.


Underfull \hbox (badness 10000) in paragraph at lines 513--515

 []


LaTeX Warning: Citation `cormen_leiserson_rivest_stein' on page 18 undefined on
 input line 520.


LaTeX Warning: Citation `cormen_leiserson_rivest_stein' on page 18 undefined on
 input line 529.


LaTeX Warning: Citation `cormen_leiserson_rivest_stein' on page 18 undefined on
 input line 530.


Underfull \hbox (badness 10000) in paragraph at lines 529--532

 []


Underfull \hbox (badness 10000) in paragraph at lines 529--532

 []

[18]

LaTeX Warning: Citation `cormen_leiserson_rivest_stein' on page 19 undefined on
 input line 534.


LaTeX Warning: Reference `NPC' on page 19 undefined on input line 536.


LaTeX Warning: Citation `geeksforgeeks_2018_2' on page 19 undefined on input li
ne 536.


LaTeX Warning: Citation `geeksforgeeks_2018_2' on page 19 undefined on input li
ne 536.


LaTeX Warning: Citation `geeksforgeeks_2018_2' on page 19 undefined on input li
ne 536.


LaTeX Warning: Citation `cormen_leiserson_rivest_stein' on page 19 undefined on
 input line 537.


Underfull \hbox (badness 10000) in paragraph at lines 536--539

 []


Underfull \hbox (badness 10000) in paragraph at lines 536--539

 []

[19] [20]

LaTeX Warning: Reference `TSP' on page 21 undefined on input line 541.


LaTeX Warning: Citation `bondy_murty_1982' on page 21 undefined on input line 5
44.


LaTeX Warning: Reference `TSP' on page 21 undefined on input line 546.


LaTeX Warning: Reference `TSP' on page 21 undefined on input line 547.


LaTeX Warning: Reference `cycle' on page 21 undefined on input line 547.


LaTeX Warning: Reference `TSP' on page 21 undefined on input line 549.


Underfull \hbox (badness 10000) in paragraph at lines 546--550

 []


Underfull \hbox (badness 10000) in paragraph at lines 546--550

 []


LaTeX Warning: Reference `example4' on page 21 undefined on input line 552.


LaTeX Warning: Reference `TSP' on page 21 undefined on input line 558.


LaTeX Warning: Reference `distinct_hamiltonian_cycles' on page 21 undefined on 
input line 558.


LaTeX Warning: Reference `example_2.1' on page 21 undefined on input line 560.


LaTeX Warning: Citation `Sanchit' on page 21 undefined on input line 560.


LaTeX Warning: Citation `Krivelevich' on page 21 undefined on input line 560.


LaTeX Warning: Citation `Sanchit' on page 21 undefined on input line 560.


LaTeX Warning: Reference `distinct_hamiltonian_cycles' on page 21 undefined on 
input line 561.


Underfull \hbox (badness 10000) in paragraph at lines 560--562

 []

[21]

LaTeX Warning: Citation `mathematics_stack_exchange_2012' on page 22 undefined 
on input line 564.


LaTeX Warning: Reference `distinct_hamiltonian_cycles' on page 22 undefined on 
input line 569.


LaTeX Warning: Citation `mathematics_stack_exchange_2012' on page 22 undefined 
on input line 569.


LaTeX Warning: Reference `distinct_hamiltonian_cycles' on page 22 undefined on 
input line 570.


LaTeX Warning: Reference `TSP' on page 22 undefined on input line 570.


LaTeX Warning: Reference `NP' on page 22 undefined on input line 570.


LaTeX Warning: Citation `cormen_leiserson_rivest_stein' on page 22 undefined on
 input line 571.


LaTeX Warning: Reference `TSP' on page 22 undefined on input line 572.


LaTeX Warning: Reference `TSP_in_NP' on page 22 undefined on input line 572.


Underfull \hbox (badness 10000) in paragraph at lines 569--573

 []


Underfull \hbox (badness 10000) in paragraph at lines 569--573

 []


Underfull \hbox (badness 10000) in paragraph at lines 569--573

 []


Underfull \hbox (badness 10000) in paragraph at lines 569--573

 []

[22]

LaTeX Warning: Citation `cormen_leiserson_rivest_stein' on page 23 undefined on
 input line 575.

[23]

LaTeX Warning: Citation `cormen_leiserson_rivest_stein' on page 24 undefined on
 input line 585.


LaTeX Warning: Citation `cormen_leiserson_rivest_stein' on page 24 undefined on
 input line 588.


LaTeX Warning: Reference `TSP_in_NP' on page 24 undefined on input line 591.


LaTeX Warning: Citation `cormen_leiserson_rivest_stein' on page 24 undefined on
 input line 591.


LaTeX Warning: Reference `example_polynomial_time_verification' on page 24 unde
fined on input line 591.


LaTeX Warning: Reference `reduction_algorithm' on page 24 undefined on input li
ne 593.


LaTeX Warning: Citation `ray_2013' on page 24 undefined on input line 593.


LaTeX Warning: Citation `cormen_leiserson_rivest_stein' on page 24 undefined on
 input line 593.

[24]

LaTeX Warning: Reference `TSP_NP-Complete' on page 25 undefined on input line 5
95.


LaTeX Warning: Citation `cormen_leiserson_rivest_stein' on page 25 undefined on
 input line 595.


LaTeX Warning: Citation `cormen_leiserson_rivest_stein' on page 25 undefined on
 input line 595.


LaTeX Warning: Citation `cormen_leiserson_rivest_stein' on page 25 undefined on
 input line 595.


LaTeX Warning: Citation `cormen_leiserson_rivest_stein' on page 25 undefined on
 input line 595.


LaTeX Warning: Citation `cormen_leiserson_rivest_stein' on page 25 undefined on
 input line 595.


Overfull \hbox (19.24403pt too wide) in paragraph at lines 595--596
\TU/lmr/m/n/10 TSP. However, according to [\TU/lmr/bx/n/10 ?\TU/lmr/m/n/10 ], t
here are three ways to get around NP-Completeness.
 []


LaTeX Warning: Citation `cormen_leiserson_rivest_stein' on page 25 undefined on
 input line 598.


LaTeX Warning: Reference `p(n)-approximation algorithm' on page 25 undefined on
 input line 600.


LaTeX Warning: Citation `cormen_leiserson_rivest_stein' on page 25 undefined on
 input line 600.


Underfull \hbox (badness 10000) in paragraph at lines 600--602

 []

[25] [26] [27] [28]
No file write_up_better.bbl.
(write_up_better.aux)

LaTeX Warning: There were undefined references.


LaTeX Warning: Label(s) may have changed. Rerun to get cross-references right.

 ) 
Here is how much of TeX's memory you used:
 22282 strings out of 427836
 445461 string characters out of 3147375
 492404 words of memory out of 3000000
 26005 multiletter control sequences out of 15000+200000
 539814 words of font info for 64 fonts, out of 3000000 for 9000
 1328 hyphenation exceptions out of 8191
 55i,15n,68p,2107b,812s stack positions out of 5000i,500n,10000p,200000b,50000s

Output written on write_up_better.pdf (28 pages).
